c:\users\liam\documents\development\projectp\bin\intermediates\x64\release\vc142.pdb
c:\users\liam\documents\development\projectp\bin\intermediates\x64\release\remotery.obj
c:\users\liam\documents\development\projectp\bin\intermediates\x64\release\glad.obj
c:\users\liam\documents\development\projectp\bin\intermediates\x64\release\imgui_impl_glfw.obj
c:\users\liam\documents\development\projectp\bin\intermediates\x64\release\imgui_draw.obj
c:\users\liam\documents\development\projectp\bin\intermediates\x64\release\imgui_demo.obj
c:\users\liam\documents\development\projectp\bin\intermediates\x64\release\imgui.obj
c:\users\liam\documents\development\projectp\bin\intermediates\x64\release\mesh.obj
c:\users\liam\documents\development\projectp\bin\intermediates\x64\release\model.obj
c:\users\liam\documents\development\projectp\bin\intermediates\x64\release\geometry.obj
c:\users\liam\documents\development\projectp\bin\intermediates\x64\release\imgui_tables.obj
c:\users\liam\documents\development\projectp\bin\intermediates\x64\release\imguizmo.obj
c:\users\liam\documents\development\projectp\bin\intermediates\x64\release\trianglemesh.obj
c:\users\liam\documents\development\projectp\bin\intermediates\x64\release\vertexarray.obj
c:\users\liam\documents\development\projectp\bin\intermediates\x64\release\vertexbuffer.obj
c:\users\liam\documents\development\projectp\bin\intermediates\x64\release\texture.obj
c:\users\liam\documents\development\projectp\bin\intermediates\x64\release\main.obj
c:\users\liam\documents\development\projectp\bin\intermediates\x64\release\application.obj
c:\users\liam\documents\development\projectp\bin\intermediates\x64\release\renderer.obj
c:\users\liam\documents\development\projectp\bin\intermediates\x64\release\shader.obj
c:\users\liam\documents\development\projectp\bin\intermediates\x64\release\indexbuffer.obj
c:\users\liam\documents\development\projectp\bin\intermediates\x64\release\stb_image.obj
c:\users\liam\documents\development\projectp\bin\intermediates\x64\release\imgui_widgets.obj
c:\users\liam\documents\development\projectp\bin\intermediates\x64\release\imgui_impl_opengl3.obj
c:\users\liam\documents\development\projectp\bin\intermediates\x64\release\projectp.tlog\cl.command.1.tlog
c:\users\liam\documents\development\projectp\bin\intermediates\x64\release\projectp.tlog\cl.read.1.tlog
c:\users\liam\documents\development\projectp\bin\intermediates\x64\release\projectp.tlog\cl.write.1.tlog
